<?xml version="1.0" encoding="UTF-8"?>
<testsuite xmlns:xsi="http://www.w3.org/2001/XMLSchema-instance" xsi:noNamespaceSchemaLocation="https://maven.apache.org/surefire/maven-surefire-plugin/xsd/surefire-test-report-3.0.xsd" version="3.0" name="dev.matheuscruz.quarkus.useful.test.QuarkusUsefulDevModeTest" time="1.606" tests="1" errors="0" skipped="0" failures="0">
  <properties>
    <property name="java.specification.version" value="17"/>
    <property name="sun.jnu.encoding" value="UTF-8"/>
    <property name="java.class.path" value="/home/cruz/github.com/mcruzdev/quarkus-useful/deployment/target/test-classes:/home/cruz/github.com/mcruzdev/quarkus-useful/deployment/target/classes:/home/cruz/.m2/repository/io/quarkus/quarkus-arc-deployment/3.6.5/quarkus-arc-deployment-3.6.5.jar:/home/cruz/.m2/repository/io/quarkus/quarkus-core-deployment/3.6.5/quarkus-core-deployment-3.6.5.jar:/home/cruz/.m2/repository/org/aesh/readline/2.4/readline-2.4.jar:/home/cruz/.m2/repository/org/fusesource/jansi/jansi/2.4.0/jansi-2.4.0.jar:/home/cruz/.m2/repository/org/aesh/aesh/2.7/aesh-2.7.jar:/home/cruz/.m2/repository/org/apache/commons/commons-lang3/3.13.0/commons-lang3-3.13.0.jar:/home/cruz/.m2/repository/org/wildfly/common/wildfly-common/1.7.0.Final/wildfly-common-1.7.0.Final.jar:/home/cruz/.m2/repository/io/quarkus/gizmo/gizmo/1.7.0/gizmo-1.7.0.jar:/home/cruz/.m2/repository/org/ow2/asm/asm-util/9.6/asm-util-9.6.jar:/home/cruz/.m2/repository/org/ow2/asm/asm-analysis/9.6/asm-analysis-9.6.jar:/home/cruz/.m2/repository/io/smallrye/jandex/3.1.6/jandex-3.1.6.jar:/home/cruz/.m2/repository/org/ow2/asm/asm/9.6/asm-9.6.jar:/home/cruz/.m2/repository/org/ow2/asm/asm-commons/9.6/asm-commons-9.6.jar:/home/cruz/.m2/repository/org/ow2/asm/asm-tree/9.6/asm-tree-9.6.jar:/home/cruz/.m2/repository/io/quarkus/quarkus-development-mode-spi/3.6.5/quarkus-development-mode-spi-3.6.5.jar:/home/cruz/.m2/repository/io/quarkus/quarkus-class-change-agent/3.6.5/quarkus-class-change-agent-3.6.5.jar:/home/cruz/.m2/repository/io/quarkus/quarkus-bootstrap-core/3.6.5/quarkus-bootstrap-core-3.6.5.jar:/home/cruz/.m2/repository/io/quarkus/quarkus-bootstrap-app-model/3.6.5/quarkus-bootstrap-app-model-3.6.5.jar:/home/cruz/.m2/repository/io/smallrye/common/smallrye-common-io/2.1.2/smallrye-common-io-2.1.2.jar:/home/cruz/.m2/repository/org/eclipse/sisu/org.eclipse.sisu.inject/0.9.0.M2/org.eclipse.sisu.inject-0.9.0.M2.jar:/home/cruz/.m2/repository/io/quarkus/quarkus-builder/3.6.5/quarkus-builder-3.6.5.jar:/home/cruz/.m2/repository/org/graalvm/sdk/graal-sdk/23.0.1/graal-sdk-23.0.1.jar:/home/cruz/.m2/repository/org/junit/platform/junit-platform-launcher/1.10.1/junit-platform-launcher-1.10.1.jar:/home/cruz/.m2/repository/org/junit/jupiter/junit-jupiter/5.10.1/junit-jupiter-5.10.1.jar:/home/cruz/.m2/repository/io/quarkus/quarkus-smallrye-context-propagation-spi/3.6.5/quarkus-smallrye-context-propagation-spi-3.6.5.jar:/home/cruz/.m2/repository/org/eclipse/microprofile/context-propagation/microprofile-context-propagation-api/1.3/microprofile-context-propagation-api-1.3.jar:/home/cruz/.m2/repository/io/quarkus/quarkus-vertx-http-dev-ui-spi/3.6.5/quarkus-vertx-http-dev-ui-spi-3.6.5.jar:/home/cruz/.m2/repository/io/quarkus/quarkus-arc/3.6.5/quarkus-arc-3.6.5.jar:/home/cruz/.m2/repository/io/quarkus/arc/arc/3.6.5/arc-3.6.5.jar:/home/cruz/.m2/repository/jakarta/transaction/jakarta.transaction-api/2.0.1/jakarta.transaction-api-2.0.1.jar:/home/cruz/.m2/repository/io/smallrye/reactive/mutiny/2.5.1/mutiny-2.5.1.jar:/home/cruz/.m2/repository/io/smallrye/common/smallrye-common-annotation/2.1.2/smallrye-common-annotation-2.1.2.jar:/home/cruz/.m2/repository/io/quarkus/arc/arc-processor/3.6.5/arc-processor-3.6.5.jar:/home/cruz/.m2/repository/org/jboss/logging/jboss-logging/3.5.3.Final/jboss-logging-3.5.3.Final.jar:/home/cruz/.m2/repository/jakarta/annotation/jakarta.annotation-api/2.1.1/jakarta.annotation-api-2.1.1.jar:/home/cruz/github.com/mcruzdev/quarkus-useful/runtime/target/quarkus-useful-0.0.1-SNAPSHOT.jar:/home/cruz/.m2/repository/io/quarkus/quarkus-junit5-internal/3.6.5/quarkus-junit5-internal-3.6.5.jar:/home/cruz/.m2/repository/org/jboss/shrinkwrap/shrinkwrap-api/1.2.6/shrinkwrap-api-1.2.6.jar:/home/cruz/.m2/repository/org/jboss/shrinkwrap/shrinkwrap-spi/1.2.6/shrinkwrap-spi-1.2.6.jar:/home/cruz/.m2/repository/org/jboss/shrinkwrap/shrinkwrap-impl-base/1.2.6/shrinkwrap-impl-base-1.2.6.jar:/home/cruz/.m2/repository/org/junit/jupiter/junit-jupiter-api/5.10.1/junit-jupiter-api-5.10.1.jar:/home/cruz/.m2/repository/org/opentest4j/opentest4j/1.3.0/opentest4j-1.3.0.jar:/home/cruz/.m2/repository/org/junit/platform/junit-platform-commons/1.10.1/junit-platform-commons-1.10.1.jar:/home/cruz/.m2/repository/org/apiguardian/apiguardian-api/1.1.2/apiguardian-api-1.1.2.jar:/home/cruz/.m2/repository/org/junit/jupiter/junit-jupiter-params/5.10.1/junit-jupiter-params-5.10.1.jar:/home/cruz/.m2/repository/org/junit/jupiter/junit-jupiter-engine/5.10.1/junit-jupiter-engine-5.10.1.jar:/home/cruz/.m2/repository/org/junit/platform/junit-platform-engine/1.10.1/junit-platform-engine-1.10.1.jar:/home/cruz/.m2/repository/io/quarkus/quarkus-core/3.6.5/quarkus-core-3.6.5.jar:/home/cruz/.m2/repository/jakarta/inject/jakarta.inject-api/2.0.1/jakarta.inject-api-2.0.1.jar:/home/cruz/.m2/repository/io/smallrye/common/smallrye-common-os/2.1.2/smallrye-common-os-2.1.2.jar:/home/cruz/.m2/repository/io/quarkus/quarkus-ide-launcher/3.6.5/quarkus-ide-launcher-3.6.5.jar:/home/cruz/.m2/repository/io/smallrye/config/smallrye-config/3.4.4/smallrye-config-3.4.4.jar:/home/cruz/.m2/repository/io/smallrye/config/smallrye-config-core/3.4.4/smallrye-config-core-3.4.4.jar:/home/cruz/.m2/repository/org/eclipse/microprofile/config/microprofile-config-api/3.0.3/microprofile-config-api-3.0.3.jar:/home/cruz/.m2/repository/io/smallrye/common/smallrye-common-classloader/2.1.2/smallrye-common-classloader-2.1.2.jar:/home/cruz/.m2/repository/io/smallrye/config/smallrye-config-common/3.4.4/smallrye-config-common-3.4.4.jar:/home/cruz/.m2/repository/org/jboss/logmanager/jboss-logmanager/3.0.4.Final/jboss-logmanager-3.0.4.Final.jar:/home/cruz/.m2/repository/io/smallrye/common/smallrye-common-constraint/2.1.2/smallrye-common-constraint-2.1.2.jar:/home/cruz/.m2/repository/io/smallrye/common/smallrye-common-cpu/2.1.2/smallrye-common-cpu-2.1.2.jar:/home/cruz/.m2/repository/io/smallrye/common/smallrye-common-expression/2.1.2/smallrye-common-expression-2.1.2.jar:/home/cruz/.m2/repository/io/smallrye/common/smallrye-common-function/2.1.2/smallrye-common-function-2.1.2.jar:/home/cruz/.m2/repository/io/smallrye/common/smallrye-common-net/2.1.2/smallrye-common-net-2.1.2.jar:/home/cruz/.m2/repository/io/smallrye/common/smallrye-common-ref/2.1.2/smallrye-common-ref-2.1.2.jar:/home/cruz/.m2/repository/jakarta/json/jakarta.json-api/2.1.3/jakarta.json-api-2.1.3.jar:/home/cruz/.m2/repository/org/eclipse/parsson/parsson/1.1.5/parsson-1.1.5.jar:/home/cruz/.m2/repository/org/jboss/logging/jboss-logging-annotations/2.2.1.Final/jboss-logging-annotations-2.2.1.Final.jar:/home/cruz/.m2/repository/org/jboss/threads/jboss-threads/3.5.1.Final/jboss-threads-3.5.1.Final.jar:/home/cruz/.m2/repository/org/slf4j/slf4j-api/2.0.6/slf4j-api-2.0.6.jar:/home/cruz/.m2/repository/org/jboss/slf4j/slf4j-jboss-logmanager/2.0.0.Final/slf4j-jboss-logmanager-2.0.0.Final.jar:/home/cruz/.m2/repository/io/quarkus/quarkus-bootstrap-runner/3.6.5/quarkus-bootstrap-runner-3.6.5.jar:/home/cruz/.m2/repository/io/github/crac/org-crac/0.1.3/org-crac-0.1.3.jar:/home/cruz/.m2/repository/io/quarkus/quarkus-fs-util/0.0.9/quarkus-fs-util-0.0.9.jar:/home/cruz/.m2/repository/io/quarkus/quarkus-test-common/3.6.5/quarkus-test-common-3.6.5.jar:/home/cruz/.m2/repository/io/quarkus/quarkus-bootstrap-maven-resolver/3.6.5/quarkus-bootstrap-maven-resolver-3.6.5.jar:/home/cruz/.m2/repository/io/smallrye/beanbag/smallrye-beanbag-maven/1.3.2/smallrye-beanbag-maven-1.3.2.jar:/home/cruz/.m2/repository/io/smallrye/beanbag/smallrye-beanbag-sisu/1.3.2/smallrye-beanbag-sisu-1.3.2.jar:/home/cruz/.m2/repository/io/smallrye/beanbag/smallrye-beanbag/1.3.2/smallrye-beanbag-1.3.2.jar:/home/cruz/.m2/repository/commons-codec/commons-codec/1.16.0/commons-codec-1.16.0.jar:/home/cruz/.m2/repository/javax/inject/javax.inject/1/javax.inject-1.jar:/home/cruz/.m2/repository/org/apache/httpcomponents/httpclient/4.5.14/httpclient-4.5.14.jar:/home/cruz/.m2/repository/org/apache/httpcomponents/httpcore/4.4.16/httpcore-4.4.16.jar:/home/cruz/.m2/repository/org/apache/maven/maven-artifact/3.9.6/maven-artifact-3.9.6.jar:/home/cruz/.m2/repository/org/apache/maven/maven-builder-support/3.9.6/maven-builder-support-3.9.6.jar:/home/cruz/.m2/repository/org/apache/maven/maven-model/3.9.6/maven-model-3.9.6.jar:/home/cruz/.m2/repository/org/apache/maven/maven-model-builder/3.9.6/maven-model-builder-3.9.6.jar:/home/cruz/.m2/repository/org/apache/maven/maven-repository-metadata/3.9.6/maven-repository-metadata-3.9.6.jar:/home/cruz/.m2/repository/org/apache/maven/maven-settings/3.9.6/maven-settings-3.9.6.jar:/home/cruz/.m2/repository/org/apache/maven/resolver/maven-resolver-api/1.9.18/maven-resolver-api-1.9.18.jar:/home/cruz/.m2/repository/org/apache/maven/resolver/maven-resolver-impl/1.9.18/maven-resolver-impl-1.9.18.jar:/home/cruz/.m2/repository/org/apache/maven/resolver/maven-resolver-named-locks/1.9.18/maven-resolver-named-locks-1.9.18.jar:/home/cruz/.m2/repository/org/apache/maven/resolver/maven-resolver-spi/1.9.18/maven-resolver-spi-1.9.18.jar:/home/cruz/.m2/repository/org/apache/maven/resolver/maven-resolver-util/1.9.18/maven-resolver-util-1.9.18.jar:/home/cruz/.m2/repository/org/apache/maven/resolver/maven-resolver-transport-http/1.9.10/maven-resolver-transport-http-1.9.10.jar:/home/cruz/.m2/repository/org/apache/maven/wagon/wagon-provider-api/3.5.3/wagon-provider-api-3.5.3.jar:/home/cruz/.m2/repository/org/apache/maven/wagon/wagon-http-shared/3.5.3/wagon-http-shared-3.5.3.jar:/home/cruz/.m2/repository/org/codehaus/plexus/plexus-interpolation/1.26/plexus-interpolation-1.26.jar:/home/cruz/.m2/repository/org/codehaus/plexus/plexus-utils/3.5.1/plexus-utils-3.5.1.jar:/home/cruz/.m2/repository/org/codehaus/plexus/plexus-xml/4.0.0/plexus-xml-4.0.0.jar:/home/cruz/.m2/repository/org/apache/maven/maven-xml-impl/4.0.0-alpha-5/maven-xml-impl-4.0.0-alpha-5.jar:/home/cruz/.m2/repository/org/apache/maven/maven-api-xml/4.0.0-alpha-5/maven-api-xml-4.0.0-alpha-5.jar:/home/cruz/.m2/repository/org/apache/maven/maven-api-meta/4.0.0-alpha-5/maven-api-meta-4.0.0-alpha-5.jar:/home/cruz/.m2/repository/org/codehaus/plexus/plexus-cipher/2.0/plexus-cipher-2.0.jar:/home/cruz/.m2/repository/org/codehaus/plexus/plexus-sec-dispatcher/2.0/plexus-sec-dispatcher-2.0.jar:/home/cruz/.m2/repository/org/apache/maven/maven-embedder/3.9.6/maven-embedder-3.9.6.jar:/home/cruz/.m2/repository/org/apache/maven/maven-core/3.9.6/maven-core-3.9.6.jar:/home/cruz/.m2/repository/org/codehaus/plexus/plexus-component-annotations/2.1.0/plexus-component-annotations-2.1.0.jar:/home/cruz/.m2/repository/org/apache/maven/maven-plugin-api/3.9.6/maven-plugin-api-3.9.6.jar:/home/cruz/.m2/repository/org/apache/maven/shared/maven-shared-utils/3.3.4/maven-shared-utils-3.3.4.jar:/home/cruz/.m2/repository/com/google/inject/guice/5.1.0/guice-5.1.0.jar:/home/cruz/.m2/repository/aopalliance/aopalliance/1.0/aopalliance-1.0.jar:/home/cruz/.m2/repository/com/google/guava/guava/32.1.3-jre/guava-32.1.3-jre.jar:/home/cruz/.m2/repository/com/google/guava/failureaccess/1.0.1/failureaccess-1.0.1.jar:/home/cruz/.m2/repository/javax/annotation/javax.annotation-api/1.3.2/javax.annotation-api-1.3.2.jar:/home/cruz/.m2/repository/org/codehaus/plexus/plexus-classworlds/2.6.0/plexus-classworlds-2.6.0.jar:/home/cruz/.m2/repository/commons-cli/commons-cli/1.5.0/commons-cli-1.5.0.jar:/home/cruz/.m2/repository/org/eclipse/sisu/org.eclipse.sisu.plexus/0.9.0.M2/org.eclipse.sisu.plexus-0.9.0.M2.jar:/home/cruz/.m2/repository/org/apache/maven/maven-settings-builder/3.9.6/maven-settings-builder-3.9.6.jar:/home/cruz/.m2/repository/org/apache/maven/maven-resolver-provider/3.9.6/maven-resolver-provider-3.9.6.jar:/home/cruz/.m2/repository/org/apache/maven/resolver/maven-resolver-connector-basic/1.9.18/maven-resolver-connector-basic-1.9.18.jar:/home/cruz/.m2/repository/org/apache/maven/resolver/maven-resolver-transport-wagon/1.9.18/maven-resolver-transport-wagon-1.9.18.jar:/home/cruz/.m2/repository/org/apache/maven/wagon/wagon-http/3.5.3/wagon-http-3.5.3.jar:/home/cruz/.m2/repository/org/apache/maven/wagon/wagon-file/3.5.3/wagon-file-3.5.3.jar:/home/cruz/.m2/repository/io/quarkus/quarkus-bootstrap-gradle-resolver/3.6.5/quarkus-bootstrap-gradle-resolver-3.6.5.jar:/home/cruz/.m2/repository/commons-io/commons-io/2.15.1/commons-io-2.15.1.jar:/home/cruz/.m2/repository/org/jboss/logging/commons-logging-jboss-logging/1.0.0.Final/commons-logging-jboss-logging-1.0.0.Final.jar:/home/cruz/.m2/repository/jakarta/enterprise/jakarta.enterprise.cdi-api/4.0.1/jakarta.enterprise.cdi-api-4.0.1.jar:/home/cruz/.m2/repository/jakarta/enterprise/jakarta.enterprise.lang-model/4.0.1/jakarta.enterprise.lang-model-4.0.1.jar:/home/cruz/.m2/repository/jakarta/el/jakarta.el-api/5.0.1/jakarta.el-api-5.0.1.jar:/home/cruz/.m2/repository/jakarta/interceptor/jakarta.interceptor-api/2.1.0/jakarta.interceptor-api-2.1.0.jar:/home/cruz/.m2/repository/io/quarkus/quarkus-devtools-utilities/3.6.5/quarkus-devtools-utilities-3.6.5.jar:/home/cruz/.m2/repository/org/awaitility/awaitility/4.2.0/awaitility-4.2.0.jar:/home/cruz/.m2/repository/org/hamcrest/hamcrest/2.2/hamcrest-2.2.jar:"/>
    <property name="java.vm.vendor" value="Amazon.com Inc."/>
    <property name="sun.arch.data.model" value="64"/>
    <property name="java.vendor.url" value="https://aws.amazon.com/corretto/"/>
    <property name="user.timezone" value="America/Sao_Paulo"/>
    <property name="logging.initial-configurator.min-level" value="500"/>
    <property name="os.name" value="Linux"/>
    <property name="java.vm.specification.version" value="17"/>
    <property name="sun.java.launcher" value="SUN_STANDARD"/>
    <property name="user.country" value="US"/>
    <property name="groovy.use.classvalue" value="false"/>
    <property name="sun.boot.library.path" value="/home/cruz/.sdkman/candidates/java/17.0.7-amzn/lib"/>
    <property name="sun.java.command" value="/home/cruz/github.com/mcruzdev/quarkus-useful/deployment/target/surefire/surefirebooter-20240112200709998_3.jar /home/cruz/github.com/mcruzdev/quarkus-useful/deployment/target/surefire 2024-01-12T20-07-08_892-jvmRun1 surefire-20240112200709998_1tmp surefire_0-20240112200709998_2tmp"/>
    <property name="maven.home" value="/home/cruz/.sdkman/candidates/maven/current"/>
    <property name="jdk.debug" value="release"/>
    <property name="surefire.test.class.path" value="/home/cruz/github.com/mcruzdev/quarkus-useful/deployment/target/test-classes:/home/cruz/github.com/mcruzdev/quarkus-useful/deployment/target/classes:/home/cruz/.m2/repository/io/quarkus/quarkus-arc-deployment/3.6.5/quarkus-arc-deployment-3.6.5.jar:/home/cruz/.m2/repository/io/quarkus/quarkus-core-deployment/3.6.5/quarkus-core-deployment-3.6.5.jar:/home/cruz/.m2/repository/org/aesh/readline/2.4/readline-2.4.jar:/home/cruz/.m2/repository/org/fusesource/jansi/jansi/2.4.0/jansi-2.4.0.jar:/home/cruz/.m2/repository/org/aesh/aesh/2.7/aesh-2.7.jar:/home/cruz/.m2/repository/org/apache/commons/commons-lang3/3.13.0/commons-lang3-3.13.0.jar:/home/cruz/.m2/repository/org/wildfly/common/wildfly-common/1.7.0.Final/wildfly-common-1.7.0.Final.jar:/home/cruz/.m2/repository/io/quarkus/gizmo/gizmo/1.7.0/gizmo-1.7.0.jar:/home/cruz/.m2/repository/org/ow2/asm/asm-util/9.6/asm-util-9.6.jar:/home/cruz/.m2/repository/org/ow2/asm/asm-analysis/9.6/asm-analysis-9.6.jar:/home/cruz/.m2/repository/io/smallrye/jandex/3.1.6/jandex-3.1.6.jar:/home/cruz/.m2/repository/org/ow2/asm/asm/9.6/asm-9.6.jar:/home/cruz/.m2/repository/org/ow2/asm/asm-commons/9.6/asm-commons-9.6.jar:/home/cruz/.m2/repository/org/ow2/asm/asm-tree/9.6/asm-tree-9.6.jar:/home/cruz/.m2/repository/io/quarkus/quarkus-development-mode-spi/3.6.5/quarkus-development-mode-spi-3.6.5.jar:/home/cruz/.m2/repository/io/quarkus/quarkus-class-change-agent/3.6.5/quarkus-class-change-agent-3.6.5.jar:/home/cruz/.m2/repository/io/quarkus/quarkus-bootstrap-core/3.6.5/quarkus-bootstrap-core-3.6.5.jar:/home/cruz/.m2/repository/io/quarkus/quarkus-bootstrap-app-model/3.6.5/quarkus-bootstrap-app-model-3.6.5.jar:/home/cruz/.m2/repository/io/smallrye/common/smallrye-common-io/2.1.2/smallrye-common-io-2.1.2.jar:/home/cruz/.m2/repository/org/eclipse/sisu/org.eclipse.sisu.inject/0.9.0.M2/org.eclipse.sisu.inject-0.9.0.M2.jar:/home/cruz/.m2/repository/io/quarkus/quarkus-builder/3.6.5/quarkus-builder-3.6.5.jar:/home/cruz/.m2/repository/org/graalvm/sdk/graal-sdk/23.0.1/graal-sdk-23.0.1.jar:/home/cruz/.m2/repository/org/junit/platform/junit-platform-launcher/1.10.1/junit-platform-launcher-1.10.1.jar:/home/cruz/.m2/repository/org/junit/jupiter/junit-jupiter/5.10.1/junit-jupiter-5.10.1.jar:/home/cruz/.m2/repository/io/quarkus/quarkus-smallrye-context-propagation-spi/3.6.5/quarkus-smallrye-context-propagation-spi-3.6.5.jar:/home/cruz/.m2/repository/org/eclipse/microprofile/context-propagation/microprofile-context-propagation-api/1.3/microprofile-context-propagation-api-1.3.jar:/home/cruz/.m2/repository/io/quarkus/quarkus-vertx-http-dev-ui-spi/3.6.5/quarkus-vertx-http-dev-ui-spi-3.6.5.jar:/home/cruz/.m2/repository/io/quarkus/quarkus-arc/3.6.5/quarkus-arc-3.6.5.jar:/home/cruz/.m2/repository/io/quarkus/arc/arc/3.6.5/arc-3.6.5.jar:/home/cruz/.m2/repository/jakarta/transaction/jakarta.transaction-api/2.0.1/jakarta.transaction-api-2.0.1.jar:/home/cruz/.m2/repository/io/smallrye/reactive/mutiny/2.5.1/mutiny-2.5.1.jar:/home/cruz/.m2/repository/io/smallrye/common/smallrye-common-annotation/2.1.2/smallrye-common-annotation-2.1.2.jar:/home/cruz/.m2/repository/io/quarkus/arc/arc-processor/3.6.5/arc-processor-3.6.5.jar:/home/cruz/.m2/repository/org/jboss/logging/jboss-logging/3.5.3.Final/jboss-logging-3.5.3.Final.jar:/home/cruz/.m2/repository/jakarta/annotation/jakarta.annotation-api/2.1.1/jakarta.annotation-api-2.1.1.jar:/home/cruz/github.com/mcruzdev/quarkus-useful/runtime/target/quarkus-useful-0.0.1-SNAPSHOT.jar:/home/cruz/.m2/repository/io/quarkus/quarkus-junit5-internal/3.6.5/quarkus-junit5-internal-3.6.5.jar:/home/cruz/.m2/repository/org/jboss/shrinkwrap/shrinkwrap-api/1.2.6/shrinkwrap-api-1.2.6.jar:/home/cruz/.m2/repository/org/jboss/shrinkwrap/shrinkwrap-spi/1.2.6/shrinkwrap-spi-1.2.6.jar:/home/cruz/.m2/repository/org/jboss/shrinkwrap/shrinkwrap-impl-base/1.2.6/shrinkwrap-impl-base-1.2.6.jar:/home/cruz/.m2/repository/org/junit/jupiter/junit-jupiter-api/5.10.1/junit-jupiter-api-5.10.1.jar:/home/cruz/.m2/repository/org/opentest4j/opentest4j/1.3.0/opentest4j-1.3.0.jar:/home/cruz/.m2/repository/org/junit/platform/junit-platform-commons/1.10.1/junit-platform-commons-1.10.1.jar:/home/cruz/.m2/repository/org/apiguardian/apiguardian-api/1.1.2/apiguardian-api-1.1.2.jar:/home/cruz/.m2/repository/org/junit/jupiter/junit-jupiter-params/5.10.1/junit-jupiter-params-5.10.1.jar:/home/cruz/.m2/repository/org/junit/jupiter/junit-jupiter-engine/5.10.1/junit-jupiter-engine-5.10.1.jar:/home/cruz/.m2/repository/org/junit/platform/junit-platform-engine/1.10.1/junit-platform-engine-1.10.1.jar:/home/cruz/.m2/repository/io/quarkus/quarkus-core/3.6.5/quarkus-core-3.6.5.jar:/home/cruz/.m2/repository/jakarta/inject/jakarta.inject-api/2.0.1/jakarta.inject-api-2.0.1.jar:/home/cruz/.m2/repository/io/smallrye/common/smallrye-common-os/2.1.2/smallrye-common-os-2.1.2.jar:/home/cruz/.m2/repository/io/quarkus/quarkus-ide-launcher/3.6.5/quarkus-ide-launcher-3.6.5.jar:/home/cruz/.m2/repository/io/smallrye/config/smallrye-config/3.4.4/smallrye-config-3.4.4.jar:/home/cruz/.m2/repository/io/smallrye/config/smallrye-config-core/3.4.4/smallrye-config-core-3.4.4.jar:/home/cruz/.m2/repository/org/eclipse/microprofile/config/microprofile-config-api/3.0.3/microprofile-config-api-3.0.3.jar:/home/cruz/.m2/repository/io/smallrye/common/smallrye-common-classloader/2.1.2/smallrye-common-classloader-2.1.2.jar:/home/cruz/.m2/repository/io/smallrye/config/smallrye-config-common/3.4.4/smallrye-config-common-3.4.4.jar:/home/cruz/.m2/repository/org/jboss/logmanager/jboss-logmanager/3.0.4.Final/jboss-logmanager-3.0.4.Final.jar:/home/cruz/.m2/repository/io/smallrye/common/smallrye-common-constraint/2.1.2/smallrye-common-constraint-2.1.2.jar:/home/cruz/.m2/repository/io/smallrye/common/smallrye-common-cpu/2.1.2/smallrye-common-cpu-2.1.2.jar:/home/cruz/.m2/repository/io/smallrye/common/smallrye-common-expression/2.1.2/smallrye-common-expression-2.1.2.jar:/home/cruz/.m2/repository/io/smallrye/common/smallrye-common-function/2.1.2/smallrye-common-function-2.1.2.jar:/home/cruz/.m2/repository/io/smallrye/common/smallrye-common-net/2.1.2/smallrye-common-net-2.1.2.jar:/home/cruz/.m2/repository/io/smallrye/common/smallrye-common-ref/2.1.2/smallrye-common-ref-2.1.2.jar:/home/cruz/.m2/repository/jakarta/json/jakarta.json-api/2.1.3/jakarta.json-api-2.1.3.jar:/home/cruz/.m2/repository/org/eclipse/parsson/parsson/1.1.5/parsson-1.1.5.jar:/home/cruz/.m2/repository/org/jboss/logging/jboss-logging-annotations/2.2.1.Final/jboss-logging-annotations-2.2.1.Final.jar:/home/cruz/.m2/repository/org/jboss/threads/jboss-threads/3.5.1.Final/jboss-threads-3.5.1.Final.jar:/home/cruz/.m2/repository/org/slf4j/slf4j-api/2.0.6/slf4j-api-2.0.6.jar:/home/cruz/.m2/repository/org/jboss/slf4j/slf4j-jboss-logmanager/2.0.0.Final/slf4j-jboss-logmanager-2.0.0.Final.jar:/home/cruz/.m2/repository/io/quarkus/quarkus-bootstrap-runner/3.6.5/quarkus-bootstrap-runner-3.6.5.jar:/home/cruz/.m2/repository/io/github/crac/org-crac/0.1.3/org-crac-0.1.3.jar:/home/cruz/.m2/repository/io/quarkus/quarkus-fs-util/0.0.9/quarkus-fs-util-0.0.9.jar:/home/cruz/.m2/repository/io/quarkus/quarkus-test-common/3.6.5/quarkus-test-common-3.6.5.jar:/home/cruz/.m2/repository/io/quarkus/quarkus-bootstrap-maven-resolver/3.6.5/quarkus-bootstrap-maven-resolver-3.6.5.jar:/home/cruz/.m2/repository/io/smallrye/beanbag/smallrye-beanbag-maven/1.3.2/smallrye-beanbag-maven-1.3.2.jar:/home/cruz/.m2/repository/io/smallrye/beanbag/smallrye-beanbag-sisu/1.3.2/smallrye-beanbag-sisu-1.3.2.jar:/home/cruz/.m2/repository/io/smallrye/beanbag/smallrye-beanbag/1.3.2/smallrye-beanbag-1.3.2.jar:/home/cruz/.m2/repository/commons-codec/commons-codec/1.16.0/commons-codec-1.16.0.jar:/home/cruz/.m2/repository/javax/inject/javax.inject/1/javax.inject-1.jar:/home/cruz/.m2/repository/org/apache/httpcomponents/httpclient/4.5.14/httpclient-4.5.14.jar:/home/cruz/.m2/repository/org/apache/httpcomponents/httpcore/4.4.16/httpcore-4.4.16.jar:/home/cruz/.m2/repository/org/apache/maven/maven-artifact/3.9.6/maven-artifact-3.9.6.jar:/home/cruz/.m2/repository/org/apache/maven/maven-builder-support/3.9.6/maven-builder-support-3.9.6.jar:/home/cruz/.m2/repository/org/apache/maven/maven-model/3.9.6/maven-model-3.9.6.jar:/home/cruz/.m2/repository/org/apache/maven/maven-model-builder/3.9.6/maven-model-builder-3.9.6.jar:/home/cruz/.m2/repository/org/apache/maven/maven-repository-metadata/3.9.6/maven-repository-metadata-3.9.6.jar:/home/cruz/.m2/repository/org/apache/maven/maven-settings/3.9.6/maven-settings-3.9.6.jar:/home/cruz/.m2/repository/org/apache/maven/resolver/maven-resolver-api/1.9.18/maven-resolver-api-1.9.18.jar:/home/cruz/.m2/repository/org/apache/maven/resolver/maven-resolver-impl/1.9.18/maven-resolver-impl-1.9.18.jar:/home/cruz/.m2/repository/org/apache/maven/resolver/maven-resolver-named-locks/1.9.18/maven-resolver-named-locks-1.9.18.jar:/home/cruz/.m2/repository/org/apache/maven/resolver/maven-resolver-spi/1.9.18/maven-resolver-spi-1.9.18.jar:/home/cruz/.m2/repository/org/apache/maven/resolver/maven-resolver-util/1.9.18/maven-resolver-util-1.9.18.jar:/home/cruz/.m2/repository/org/apache/maven/resolver/maven-resolver-transport-http/1.9.10/maven-resolver-transport-http-1.9.10.jar:/home/cruz/.m2/repository/org/apache/maven/wagon/wagon-provider-api/3.5.3/wagon-provider-api-3.5.3.jar:/home/cruz/.m2/repository/org/apache/maven/wagon/wagon-http-shared/3.5.3/wagon-http-shared-3.5.3.jar:/home/cruz/.m2/repository/org/codehaus/plexus/plexus-interpolation/1.26/plexus-interpolation-1.26.jar:/home/cruz/.m2/repository/org/codehaus/plexus/plexus-utils/3.5.1/plexus-utils-3.5.1.jar:/home/cruz/.m2/repository/org/codehaus/plexus/plexus-xml/4.0.0/plexus-xml-4.0.0.jar:/home/cruz/.m2/repository/org/apache/maven/maven-xml-impl/4.0.0-alpha-5/maven-xml-impl-4.0.0-alpha-5.jar:/home/cruz/.m2/repository/org/apache/maven/maven-api-xml/4.0.0-alpha-5/maven-api-xml-4.0.0-alpha-5.jar:/home/cruz/.m2/repository/org/apache/maven/maven-api-meta/4.0.0-alpha-5/maven-api-meta-4.0.0-alpha-5.jar:/home/cruz/.m2/repository/org/codehaus/plexus/plexus-cipher/2.0/plexus-cipher-2.0.jar:/home/cruz/.m2/repository/org/codehaus/plexus/plexus-sec-dispatcher/2.0/plexus-sec-dispatcher-2.0.jar:/home/cruz/.m2/repository/org/apache/maven/maven-embedder/3.9.6/maven-embedder-3.9.6.jar:/home/cruz/.m2/repository/org/apache/maven/maven-core/3.9.6/maven-core-3.9.6.jar:/home/cruz/.m2/repository/org/codehaus/plexus/plexus-component-annotations/2.1.0/plexus-component-annotations-2.1.0.jar:/home/cruz/.m2/repository/org/apache/maven/maven-plugin-api/3.9.6/maven-plugin-api-3.9.6.jar:/home/cruz/.m2/repository/org/apache/maven/shared/maven-shared-utils/3.3.4/maven-shared-utils-3.3.4.jar:/home/cruz/.m2/repository/com/google/inject/guice/5.1.0/guice-5.1.0.jar:/home/cruz/.m2/repository/aopalliance/aopalliance/1.0/aopalliance-1.0.jar:/home/cruz/.m2/repository/com/google/guava/guava/32.1.3-jre/guava-32.1.3-jre.jar:/home/cruz/.m2/repository/com/google/guava/failureaccess/1.0.1/failureaccess-1.0.1.jar:/home/cruz/.m2/repository/javax/annotation/javax.annotation-api/1.3.2/javax.annotation-api-1.3.2.jar:/home/cruz/.m2/repository/org/codehaus/plexus/plexus-classworlds/2.6.0/plexus-classworlds-2.6.0.jar:/home/cruz/.m2/repository/commons-cli/commons-cli/1.5.0/commons-cli-1.5.0.jar:/home/cruz/.m2/repository/org/eclipse/sisu/org.eclipse.sisu.plexus/0.9.0.M2/org.eclipse.sisu.plexus-0.9.0.M2.jar:/home/cruz/.m2/repository/org/apache/maven/maven-settings-builder/3.9.6/maven-settings-builder-3.9.6.jar:/home/cruz/.m2/repository/org/apache/maven/maven-resolver-provider/3.9.6/maven-resolver-provider-3.9.6.jar:/home/cruz/.m2/repository/org/apache/maven/resolver/maven-resolver-connector-basic/1.9.18/maven-resolver-connector-basic-1.9.18.jar:/home/cruz/.m2/repository/org/apache/maven/resolver/maven-resolver-transport-wagon/1.9.18/maven-resolver-transport-wagon-1.9.18.jar:/home/cruz/.m2/repository/org/apache/maven/wagon/wagon-http/3.5.3/wagon-http-3.5.3.jar:/home/cruz/.m2/repository/org/apache/maven/wagon/wagon-file/3.5.3/wagon-file-3.5.3.jar:/home/cruz/.m2/repository/io/quarkus/quarkus-bootstrap-gradle-resolver/3.6.5/quarkus-bootstrap-gradle-resolver-3.6.5.jar:/home/cruz/.m2/repository/commons-io/commons-io/2.15.1/commons-io-2.15.1.jar:/home/cruz/.m2/repository/org/jboss/logging/commons-logging-jboss-logging/1.0.0.Final/commons-logging-jboss-logging-1.0.0.Final.jar:/home/cruz/.m2/repository/jakarta/enterprise/jakarta.enterprise.cdi-api/4.0.1/jakarta.enterprise.cdi-api-4.0.1.jar:/home/cruz/.m2/repository/jakarta/enterprise/jakarta.enterprise.lang-model/4.0.1/jakarta.enterprise.lang-model-4.0.1.jar:/home/cruz/.m2/repository/jakarta/el/jakarta.el-api/5.0.1/jakarta.el-api-5.0.1.jar:/home/cruz/.m2/repository/jakarta/interceptor/jakarta.interceptor-api/2.1.0/jakarta.interceptor-api-2.1.0.jar:/home/cruz/.m2/repository/io/quarkus/quarkus-devtools-utilities/3.6.5/quarkus-devtools-utilities-3.6.5.jar:/home/cruz/.m2/repository/org/awaitility/awaitility/4.2.0/awaitility-4.2.0.jar:/home/cruz/.m2/repository/org/hamcrest/hamcrest/2.2/hamcrest-2.2.jar:"/>
    <property name="sun.cpu.endian" value="little"/>
    <property name="user.home" value="/home/cruz"/>
    <property name="user.language" value="en"/>
    <property name="jboss.log-version" value="false"/>
    <property name="java.specification.vendor" value="Oracle Corporation"/>
    <property name="java.version.date" value="2023-04-18"/>
    <property name="java.home" value="/home/cruz/.sdkman/candidates/java/17.0.7-amzn"/>
    <property name="file.separator" value="/"/>
    <property name="maven.repo" value="/home/cruz/.m2/repository"/>
    <property name="basedir" value="/home/cruz/github.com/mcruzdev/quarkus-useful/deployment"/>
    <property name="java.vm.compressedOopsMode" value="Zero based"/>
    <property name="line.separator" value="&#10;"/>
    <property name="java.specification.name" value="Java Platform API Specification"/>
    <property name="java.vm.specification.vendor" value="Oracle Corporation"/>
    <property name="java.nio.channels.DefaultThreadPool.threadFactory" value="io.quarkus.dev.io.NioThreadPoolThreadFactory"/>
    <property name="surefire.real.class.path" value="/home/cruz/github.com/mcruzdev/quarkus-useful/deployment/target/surefire/surefirebooter-20240112200709998_3.jar"/>
    <property name="sun.management.compiler" value="HotSpot 64-Bit Tiered Compilers"/>
    <property name="java.runtime.version" value="17.0.7+7-LTS"/>
    <property name="user.name" value="cruz"/>
    <property name="path.separator" value=":"/>
    <property name="os.version" value="6.2.0-39-generic"/>
    <property name="java.runtime.name" value="OpenJDK Runtime Environment"/>
    <property name="file.encoding" value="UTF-8"/>
    <property name="java.vm.name" value="OpenJDK 64-Bit Server VM"/>
    <property name="java.vendor.version" value="Corretto-17.0.7.7.1"/>
    <property name="localRepository" value="/home/cruz/.m2/repository"/>
    <property name="java.vendor.url.bug" value="https://github.com/corretto/corretto-17/issues/"/>
    <property name="java.io.tmpdir" value="/tmp"/>
    <property name="quarkus.log.file.path" value="target/target/quarkus.log"/>
    <property name="java.version" value="17.0.7"/>
    <property name="java.util.concurrent.ForkJoinPool.common.threadFactory" value="io.quarkus.bootstrap.forkjoin.QuarkusForkJoinWorkerThreadFactory"/>
    <property name="user.dir" value="/home/cruz/github.com/mcruzdev/quarkus-useful/deployment"/>
    <property name="os.arch" value="amd64"/>
    <property name="java.vm.specification.name" value="Java Virtual Machine Specification"/>
    <property name="native.encoding" value="UTF-8"/>
    <property name="java.util.logging.manager" value="org.jboss.logmanager.LogManager"/>
    <property name="java.library.path" value="/usr/java/packages/lib:/usr/lib64:/lib64:/lib:/usr/lib"/>
    <property name="java.vm.info" value="mixed mode, sharing"/>
    <property name="java.vendor" value="Amazon.com Inc."/>
    <property name="java.vm.version" value="17.0.7+7-LTS"/>
    <property name="sun.io.unicode.encoding" value="UnicodeLittle"/>
    <property name="java.class.version" value="61.0"/>
  </properties>
  <testcase name="writeYourOwnDevModeTest" classname="dev.matheuscruz.quarkus.useful.test.QuarkusUsefulDevModeTest" time="1.601">
    <system-out><![CDATA[&amp#27;[94mTests paused&amp#27;[39m
2024-01-12 20:07:13,567 WARN  [io.qua.boo.BootstrapAppModelFactory] (main) Expected project directory /tmp/quarkus-dev-mode-test8342935895446995877 does not match current project directory /home/cruz/github.com/mcruzdev/quarkus-useful/deployment
2024-01-12 20:07:14,594 INFO  [dev.mat.qua.use.dep.QuarkusUsefulProcessor] (build-19) This is called during build time
2024-01-12 20:07:14,594 INFO  [dev.mat.qua.use.dep.QuarkusUsefulProcessor] (build-19) This is called during build time
2024-01-12 20:07:14,594 INFO  [dev.mat.qua.use.dep.QuarkusUsefulProcessor] (build-19) This is called during build time
2024-01-12 20:07:14,594 INFO  [dev.mat.qua.use.dep.QuarkusUsefulProcessor] (build-19) This is called during build time
2024-01-12 20:07:15,046 INFO  [dev.mat.qua.use.run.ConsoleRecorder] (Quarkus Main Thread) Your application has 0 method(s) annotated with jakarta.ws.rs.POST
2024-01-12 20:07:15,046 INFO  [dev.mat.qua.use.run.ConsoleRecorder] (Quarkus Main Thread) Your application has 0 method(s) annotated with jakarta.ws.rs.GET
2024-01-12 20:07:15,046 INFO  [dev.mat.qua.use.run.ConsoleRecorder] (Quarkus Main Thread) Your application has 0 method(s) annotated with jakarta.ws.rs.PUT
2024-01-12 20:07:15,046 INFO  [dev.mat.qua.use.run.ConsoleRecorder] (Quarkus Main Thread) Your application has 0 method(s) annotated with jakarta.ws.rs.DELETE
2024-01-12 20:07:15,100 WARN  [dev.mat.qua.use.run.NotifyStartingEventRecorder] (Quarkus Main Thread) You are using the 'quarkus-useful' extension but the configuration property quarkus.useful.listenerUrl not defined
2024-01-12 20:07:15,126 INFO  [io.quarkus] (Quarkus Main Thread) quarkus-useful-deployment 0.0.1-SNAPSHOT on JVM (powered by Quarkus 3.6.5) started in 0.936s. 
2024-01-12 20:07:15,127 INFO  [io.quarkus] (Quarkus Main Thread) Profile dev activated. Live Coding activated.
2024-01-12 20:07:15,127 INFO  [io.quarkus] (Quarkus Main Thread) Installed features: [cdi, quarkus-useful]
2024-01-12 20:07:15,132 INFO  [io.quarkus] (Quarkus Main Thread) quarkus-useful-deployment stopped in 0.002s
]]></system-out>
  </testcase>
</testsuite>